2024-08-28 01:08:38,584 - INFO - Starting training...
2024-08-28 01:08:39,140 - INFO - Starting episode 1
2024-08-28 01:08:45,042 - INFO - Episode 1 completed: 1,300.0,334.0,47,34
2024-08-28 01:08:45,042 - INFO - Starting episode 2
2024-08-28 01:08:50,916 - INFO - Episode 2 completed: 2,344.0,329.0,53,58
2024-08-28 01:08:50,917 - INFO - Starting episode 3
2024-08-28 01:08:57,079 - INFO - Episode 3 completed: 3,303.0,292.0,45,58
2024-08-28 01:08:57,080 - INFO - Starting episode 4
2024-08-28 01:09:04,148 - INFO - Episode 4 completed: 4,317.0,320.0,64,48
2024-08-28 01:09:04,149 - INFO - Starting episode 5
2024-08-28 01:09:12,151 - INFO - Episode 5 completed: 5,295.0,294.0,40,48
2024-08-28 01:09:12,152 - INFO - Starting episode 6
2024-08-28 01:09:19,768 - INFO - Episode 6 completed: 6,328.0,325.0,39,52
2024-08-28 01:09:19,768 - INFO - Starting episode 7
2024-08-28 01:09:27,265 - INFO - Episode 7 completed: 7,292.0,300.0,37,69
2024-08-28 01:09:27,266 - INFO - Starting episode 8
2024-08-28 01:09:34,776 - INFO - Episode 8 completed: 8,334.0,319.0,76,41
2024-08-28 01:09:34,776 - INFO - Starting episode 9
2024-08-28 01:09:42,758 - INFO - Episode 9 completed: 9,307.0,326.0,49,64
2024-08-28 01:09:42,759 - INFO - Starting episode 10
2024-08-28 01:09:49,597 - INFO - Episode 10 completed: 10,284.0,315.0,33,54
2024-08-28 01:09:49,598 - INFO - Starting episode 11
2024-08-28 01:09:57,067 - INFO - Episode 11 completed: 11,308.0,325.0,44,64
2024-08-28 01:09:57,067 - INFO - Starting episode 12
2024-08-28 01:10:04,639 - INFO - Episode 12 completed: 12,272.0,319.0,27,79
2024-08-28 01:10:04,640 - INFO - Starting episode 13
2024-08-28 01:10:12,590 - INFO - Episode 13 completed: 13,312.0,302.0,56,32
2024-08-28 01:10:12,591 - INFO - Starting episode 14
2024-08-28 01:10:20,379 - INFO - Episode 14 completed: 14,286.0,341.0,47,56
2024-08-28 01:10:20,379 - INFO - Starting episode 15
2024-08-28 01:10:27,329 - INFO - Episode 15 completed: 15,322.0,311.0,56,47
2024-08-28 01:10:27,330 - INFO - Starting episode 16
2024-08-28 01:10:35,178 - INFO - Episode 16 completed: 16,291.0,281.0,61,38
2024-08-28 01:10:35,179 - INFO - Starting episode 17
2024-08-28 01:10:45,358 - INFO - Episode 17 completed: 17,304.0,287.0,59,40
2024-08-28 01:10:45,359 - INFO - Starting episode 18
2024-08-28 01:10:55,521 - INFO - Episode 18 completed: 18,304.0,280.0,47,35
2024-08-28 01:10:55,521 - INFO - Starting episode 19
2024-08-28 01:11:05,363 - INFO - Episode 19 completed: 19,291.0,261.0,43,30
2024-08-28 01:11:05,364 - INFO - Starting episode 20
2024-08-28 01:11:15,294 - INFO - Episode 20 completed: 20,277.0,331.0,36,48
2024-08-28 01:11:15,295 - INFO - Starting episode 21
2024-08-28 01:11:25,416 - INFO - Episode 21 completed: 21,346.0,286.0,59,24
2024-08-28 01:11:25,416 - INFO - Starting episode 22
2024-08-28 01:11:35,073 - INFO - Episode 22 completed: 22,314.0,322.0,46,64
2024-08-28 01:11:35,074 - INFO - Starting episode 23
2024-08-28 01:11:45,493 - INFO - Episode 23 completed: 23,336.0,308.0,32,58
2024-08-28 01:11:45,494 - INFO - Starting episode 24
2024-08-28 01:11:55,410 - INFO - Episode 24 completed: 24,320.0,309.0,56,44
2024-08-28 01:11:55,411 - INFO - Starting episode 25
2024-08-28 01:12:05,081 - INFO - Episode 25 completed: 25,322.0,338.0,45,62
2024-08-28 01:12:05,081 - INFO - Starting episode 26
2024-08-28 01:12:15,045 - INFO - Episode 26 completed: 26,295.0,319.0,47,38
2024-08-28 01:12:15,046 - INFO - Starting episode 27
2024-08-28 01:12:25,696 - INFO - Episode 27 completed: 27,305.0,301.0,64,33
2024-08-28 01:12:25,696 - INFO - Starting episode 28
2024-08-28 01:12:35,124 - INFO - Episode 28 completed: 28,323.0,289.0,55,55
2024-08-28 01:12:35,124 - INFO - Starting episode 29
2024-08-28 01:12:44,988 - INFO - Episode 29 completed: 29,322.0,309.0,49,46
2024-08-28 01:12:44,990 - INFO - Starting episode 30
2024-08-28 01:12:54,570 - INFO - Episode 30 completed: 30,325.0,273.0,50,35
2024-08-28 01:12:54,571 - INFO - Starting episode 31
2024-08-28 01:13:04,291 - INFO - Episode 31 completed: 31,323.0,320.0,35,60
2024-08-28 01:13:04,292 - INFO - Starting episode 32
2024-08-28 01:13:13,175 - INFO - Episode 32 completed: 32,303.0,306.0,64,36
2024-08-28 01:13:13,176 - INFO - Starting episode 33
2024-08-28 01:13:21,530 - INFO - Episode 33 completed: 33,319.0,299.0,44,48
2024-08-28 01:13:21,531 - INFO - Starting episode 34
2024-08-28 01:13:31,019 - INFO - Episode 34 completed: 34,291.0,322.0,62,49
2024-08-28 01:13:31,019 - INFO - Starting episode 35
2024-08-28 01:13:40,856 - INFO - Episode 35 completed: 35,329.0,265.0,54,40
2024-08-28 01:13:40,857 - INFO - Starting episode 36
2024-08-28 01:13:50,583 - INFO - Episode 36 completed: 36,236.0,290.0,32,39
2024-08-28 01:13:50,583 - INFO - Starting episode 37
2024-08-28 01:14:00,328 - INFO - Episode 37 completed: 37,328.0,320.0,66,31
2024-08-28 01:14:00,329 - INFO - Starting episode 38
2024-08-28 01:14:09,560 - INFO - Episode 38 completed: 38,301.0,276.0,49,32
2024-08-28 01:14:09,561 - INFO - Starting episode 39
2024-08-28 01:14:18,631 - INFO - Episode 39 completed: 39,331.0,299.0,59,42
2024-08-28 01:14:18,632 - INFO - Starting episode 40
2024-08-28 01:14:26,443 - INFO - Episode 40 completed: 40,313.0,329.0,43,38
2024-08-28 01:14:26,444 - INFO - Starting episode 41
2024-08-28 01:14:34,740 - INFO - Episode 41 completed: 41,314.0,354.0,34,49
2024-08-28 01:14:34,741 - INFO - Starting episode 42
2024-08-28 01:14:44,727 - INFO - Episode 42 completed: 42,329.0,325.0,50,47
2024-08-28 01:14:44,727 - INFO - Starting episode 43
2024-08-28 01:14:54,747 - INFO - Episode 43 completed: 43,295.0,327.0,32,72
2024-08-28 01:14:54,748 - INFO - Starting episode 44
2024-08-28 01:15:05,475 - INFO - Episode 44 completed: 44,286.0,307.0,31,68
2024-08-28 01:15:05,476 - INFO - Starting episode 45
2024-08-28 01:15:17,615 - INFO - Episode 45 completed: 45,331.0,299.0,41,64
2024-08-28 01:15:17,616 - INFO - Starting episode 46
2024-08-28 01:15:29,262 - INFO - Episode 46 completed: 46,331.0,305.0,50,47
2024-08-28 01:15:29,263 - INFO - Starting episode 47
2024-08-28 01:15:40,155 - INFO - Episode 47 completed: 47,299.0,303.0,36,60
2024-08-28 01:15:40,156 - INFO - Starting episode 48
2024-08-28 01:15:50,097 - INFO - Episode 48 completed: 48,279.0,314.0,50,57
2024-08-28 01:15:50,098 - INFO - Starting episode 49
2024-08-28 01:15:59,940 - INFO - Episode 49 completed: 49,331.0,344.0,32,60
2024-08-28 01:15:59,942 - INFO - Starting episode 50
2024-08-28 01:16:09,801 - INFO - Episode 50 completed: 50,333.0,305.0,57,46
2024-08-28 01:16:09,802 - INFO - Starting episode 51
2024-08-28 01:16:19,929 - INFO - Episode 51 completed: 51,300.0,289.0,53,47
2024-08-28 01:16:19,930 - INFO - Starting episode 52
2024-08-28 01:16:29,544 - INFO - Episode 52 completed: 52,324.0,329.0,45,62
2024-08-28 01:16:29,545 - INFO - Starting episode 53
2024-08-28 01:16:39,374 - INFO - Episode 53 completed: 53,302.0,328.0,32,43
2024-08-28 01:16:39,374 - INFO - Starting episode 54
2024-08-28 01:16:49,347 - INFO - Episode 54 completed: 54,300.0,308.0,37,54
2024-08-28 01:16:49,348 - INFO - Starting episode 55
2024-08-28 01:16:59,036 - INFO - Episode 55 completed: 55,300.0,313.0,65,49
2024-08-28 01:16:59,037 - INFO - Starting episode 56
2024-08-28 01:17:08,173 - INFO - Episode 56 completed: 56,298.0,322.0,24,74
2024-08-28 01:17:08,174 - INFO - Starting episode 57
2024-08-28 01:17:17,753 - INFO - Episode 57 completed: 57,306.0,290.0,38,49
2024-08-28 01:17:17,754 - INFO - Starting episode 58
2024-08-28 01:17:26,917 - INFO - Episode 58 completed: 58,288.0,292.0,46,37
2024-08-28 01:17:26,917 - INFO - Starting episode 59
2024-08-28 01:17:36,822 - INFO - Episode 59 completed: 59,307.0,297.0,49,50
2024-08-28 01:17:36,823 - INFO - Starting episode 60
2024-08-28 01:17:46,827 - INFO - Episode 60 completed: 60,322.0,339.0,38,51
2024-08-28 01:17:46,828 - INFO - Starting episode 61
2024-08-28 01:17:56,947 - INFO - Episode 61 completed: 61,309.0,308.0,38,39
2024-08-28 01:17:56,948 - INFO - Starting episode 62
2024-08-28 01:18:07,001 - INFO - Episode 62 completed: 62,317.0,316.0,29,65
2024-08-28 01:18:07,002 - INFO - Starting episode 63
2024-08-28 01:18:17,307 - INFO - Episode 63 completed: 63,316.0,298.0,40,51
2024-08-28 01:18:17,308 - INFO - Starting episode 64
2024-08-28 01:18:27,249 - INFO - Episode 64 completed: 64,290.0,309.0,65,36
2024-08-28 01:18:27,250 - INFO - Starting episode 65
2024-08-28 01:18:37,039 - INFO - Episode 65 completed: 65,311.0,295.0,50,34
2024-08-28 01:18:37,039 - INFO - Starting episode 66
2024-08-28 01:18:47,391 - INFO - Episode 66 completed: 66,324.0,330.0,44,54
2024-08-28 01:18:47,391 - INFO - Starting episode 67
2024-08-28 01:18:56,377 - INFO - Episode 67 completed: 67,293.0,342.0,30,56
2024-08-28 01:18:56,377 - INFO - Starting episode 68
2024-08-28 01:19:03,943 - INFO - Episode 68 completed: 68,305.0,325.0,45,64
2024-08-28 01:19:03,944 - INFO - Starting episode 69
2024-08-28 01:19:12,429 - INFO - Episode 69 completed: 69,280.0,283.0,35,55
2024-08-28 01:19:12,429 - INFO - Starting episode 70
2024-08-28 01:19:21,443 - INFO - Episode 70 completed: 70,289.0,313.0,45,63
2024-08-28 01:19:21,443 - INFO - Starting episode 71
2024-08-28 01:19:30,320 - INFO - Episode 71 completed: 71,314.0,294.0,57,47
2024-08-28 01:19:30,321 - INFO - Starting episode 72
2024-08-28 01:19:39,192 - INFO - Episode 72 completed: 72,324.0,329.0,70,35
2024-08-28 01:19:39,192 - INFO - Starting episode 73
2024-08-28 01:19:47,795 - INFO - Episode 73 completed: 73,325.0,284.0,43,48
2024-08-28 01:19:47,796 - INFO - Starting episode 74
2024-08-28 01:19:56,397 - INFO - Episode 74 completed: 74,335.0,306.0,50,52
2024-08-28 01:19:56,398 - INFO - Starting episode 75
2024-08-28 01:20:05,073 - INFO - Episode 75 completed: 75,328.0,306.0,61,54
2024-08-28 01:20:05,073 - INFO - Starting episode 76
2024-08-28 01:20:13,676 - INFO - Episode 76 completed: 76,287.0,317.0,37,60
2024-08-28 01:20:13,677 - INFO - Starting episode 77
2024-08-28 01:20:22,437 - INFO - Episode 77 completed: 77,329.0,345.0,51,52
2024-08-28 01:20:22,437 - INFO - Starting episode 78
2024-08-28 01:20:31,058 - INFO - Episode 78 completed: 78,304.0,293.0,51,61
2024-08-28 01:20:31,059 - INFO - Starting episode 79
2024-08-28 01:20:40,027 - INFO - Episode 79 completed: 79,319.0,321.0,39,70
2024-08-28 01:20:40,028 - INFO - Starting episode 80
2024-08-28 01:20:48,743 - INFO - Episode 80 completed: 80,300.0,324.0,43,53
2024-08-28 01:20:48,743 - INFO - Starting episode 81
2024-08-28 01:20:58,978 - INFO - Episode 81 completed: 81,314.0,302.0,40,46
2024-08-28 01:20:58,979 - INFO - Starting episode 82
2024-08-28 01:21:07,750 - INFO - Episode 82 completed: 82,317.0,318.0,52,58
2024-08-28 01:21:07,752 - INFO - Starting episode 83
2024-08-28 01:21:16,677 - INFO - Episode 83 completed: 83,287.0,276.0,40,57
2024-08-28 01:21:16,678 - INFO - Starting episode 84
2024-08-28 01:21:25,962 - INFO - Episode 84 completed: 84,341.0,324.0,59,39
2024-08-28 01:21:25,962 - INFO - Starting episode 85
2024-08-28 01:21:35,356 - INFO - Episode 85 completed: 85,278.0,306.0,48,42
2024-08-28 01:21:35,359 - INFO - Starting episode 86
2024-08-28 01:21:44,688 - INFO - Episode 86 completed: 86,282.0,338.0,40,42
2024-08-28 01:21:44,688 - INFO - Starting episode 87
2024-08-28 01:21:54,038 - INFO - Episode 87 completed: 87,281.0,311.0,43,66
2024-08-28 01:21:54,039 - INFO - Starting episode 88
2024-08-28 01:22:03,300 - INFO - Episode 88 completed: 88,314.0,312.0,40,60
2024-08-28 01:22:03,300 - INFO - Starting episode 89
2024-08-28 01:22:12,641 - INFO - Episode 89 completed: 89,282.0,344.0,35,66
2024-08-28 01:22:12,642 - INFO - Starting episode 90
2024-08-28 01:22:22,376 - INFO - Episode 90 completed: 90,306.0,335.0,59,37
2024-08-28 01:22:22,377 - INFO - Starting episode 91
2024-08-28 01:22:31,945 - INFO - Episode 91 completed: 91,336.0,308.0,42,62
2024-08-28 01:22:31,947 - INFO - Starting episode 92
2024-08-28 01:22:40,998 - INFO - Episode 92 completed: 92,300.0,326.0,50,64
2024-08-28 01:22:40,998 - INFO - Starting episode 93
2024-08-28 01:22:50,064 - INFO - Episode 93 completed: 93,316.0,315.0,67,49
2024-08-28 01:22:50,065 - INFO - Starting episode 94
2024-08-28 01:22:59,324 - INFO - Episode 94 completed: 94,314.0,335.0,57,42
2024-08-28 01:22:59,325 - INFO - Starting episode 95
2024-08-28 01:23:08,463 - INFO - Episode 95 completed: 95,317.0,350.0,40,36
2024-08-28 01:23:08,464 - INFO - Starting episode 96
2024-08-28 01:23:17,900 - INFO - Episode 96 completed: 96,302.0,337.0,61,47
2024-08-28 01:23:17,901 - INFO - Starting episode 97
2024-08-28 01:23:26,950 - INFO - Episode 97 completed: 97,314.0,317.0,39,57
2024-08-28 01:23:26,951 - INFO - Starting episode 98
2024-08-28 01:23:36,287 - INFO - Episode 98 completed: 98,308.0,283.0,47,39
2024-08-28 01:23:36,288 - INFO - Starting episode 99
2024-08-28 01:23:45,525 - INFO - Episode 99 completed: 99,310.0,301.0,48,58
2024-08-28 01:23:45,526 - INFO - Starting episode 100
2024-08-28 01:23:54,490 - INFO - Episode 100 completed: 100,309.0,326.0,47,62
2024-08-28 01:23:54,491 - INFO - Training completed.
2024-08-28 02:23:50,287 - ERROR - No such comm target registered: jupyter.widget.control
2024-08-28 02:23:50,295 - WARNING - No such comm: 40ba3be0-04e2-4e3a-971d-f7f35a0c19eb
2024-08-28 11:31:14,721 - ERROR - No such comm target registered: jupyter.widget.control
2024-08-28 11:31:14,725 - WARNING - No such comm: 68ac0e04-f182-4c6d-8a0e-d9a00c52a12d
